<?xml version="1.0" encoding="UTF-8"?>
<!-- Generated by org.testng.reporters.JUnitReportReporter -->
<testsuite hostname="Hp_avilion" failures="0" tests="2" name="apiframework.Demo" time="1.766" errors="0" timestamp="2024-11-25T13:15:53 IST" skipped="0">
  <testcase classname="apiframework.Demo" name="test" time="1.736"/>
  <testcase classname="apiframework.Demo" name="test1" time="0.030"/>
</testsuite> <!-- apiframework.Demo -->
