<?xml version="1.0" encoding="UTF-8"?>
<!-- Generated by org.testng.reporters.JUnitReportReporter -->
<testsuite hostname="Hp_avilion" failures="0" tests="1" name="GmeetDayTwo.test" time="1.530" errors="0" timestamp="2024-11-25T10:18:35 IST" skipped="0">
  <testcase classname="GmeetDayTwo.test" name="test" time="1.530"/>
</testsuite> <!-- GmeetDayTwo.test -->
